2025-08-30 21:51:45,525 [INFO] sqlalchemy.engine.Engine: select pg_catalog.version()
2025-08-30 21:51:45,526 [INFO] sqlalchemy.engine.Engine: [raw sql] {}
2025-08-30 21:51:45,527 [INFO] sqlalchemy.engine.Engine: select current_schema()
2025-08-30 21:51:45,527 [INFO] sqlalchemy.engine.Engine: [raw sql] {}
2025-08-30 21:51:45,527 [INFO] sqlalchemy.engine.Engine: show standard_conforming_strings
2025-08-30 21:51:45,527 [INFO] sqlalchemy.engine.Engine: [raw sql] {}
2025-08-30 21:51:45,528 [INFO] sqlalchemy.engine.Engine: BEGIN (implicit)
2025-08-30 21:51:45,529 [INFO] sqlalchemy.engine.Engine: SELECT users.id AS users_id, users.name AS users_name, users.email AS users_email, users.password AS users_password, users.level AS users_level 
FROM users 
WHERE users.email = %(email_1)s 
 LIMIT %(param_1)s
2025-08-30 21:51:45,529 [INFO] sqlalchemy.engine.Engine: [generated in 0.00011s] {'email_1': 'santosh@fastapi.com', 'param_1': 1}
2025-08-30 21:51:45,534 [WARNING] passlib.handlers.bcrypt: (trapped) error reading bcrypt version
Traceback (most recent call last):
  File "/Users/santoshchandan/2-localhost/3-applications/pro-001/fastapi/.venv/lib/python3.13/site-packages/passlib/handlers/bcrypt.py", line 620, in _load_backend_mixin
    version = _bcrypt.__about__.__version__
              ^^^^^^^^^^^^^^^^^
AttributeError: module 'bcrypt' has no attribute '__about__'
2025-08-30 21:51:45,746 [INFO] sqlalchemy.engine.Engine: ROLLBACK
2025-08-30 21:52:18,453 [INFO] sqlalchemy.engine.Engine: BEGIN (implicit)
2025-08-30 21:52:18,453 [INFO] sqlalchemy.engine.Engine: SELECT users.id AS users_id, users.name AS users_name, users.email AS users_email, users.password AS users_password, users.level AS users_level 
FROM users 
WHERE users.email = %(email_1)s 
 LIMIT %(param_1)s
2025-08-30 21:52:18,454 [INFO] sqlalchemy.engine.Engine: [cached since 32.92s ago] {'email_1': 'santosh@fastapi.com', 'param_1': 1}
2025-08-30 21:52:18,643 [INFO] sqlalchemy.engine.Engine: ROLLBACK
2025-08-30 22:13:37,873 [INFO] sqlalchemy.engine.Engine: select pg_catalog.version()
2025-08-30 22:13:37,874 [INFO] sqlalchemy.engine.Engine: [raw sql] {}
2025-08-30 22:13:37,875 [INFO] sqlalchemy.engine.Engine: select current_schema()
2025-08-30 22:13:37,875 [INFO] sqlalchemy.engine.Engine: [raw sql] {}
2025-08-30 22:13:37,875 [INFO] sqlalchemy.engine.Engine: show standard_conforming_strings
2025-08-30 22:13:37,875 [INFO] sqlalchemy.engine.Engine: [raw sql] {}
2025-08-30 22:13:37,875 [INFO] sqlalchemy.engine.Engine: BEGIN (implicit)
2025-08-30 22:13:37,877 [INFO] sqlalchemy.engine.Engine: SELECT posts.id AS posts_id, posts.title AS posts_title, posts.content AS posts_content, posts.user_id AS posts_user_id 
FROM posts 
WHERE posts.id = %(id_1)s 
 LIMIT %(param_1)s
2025-08-30 22:13:37,877 [INFO] sqlalchemy.engine.Engine: [generated in 0.00010s] {'id_1': 1, 'param_1': 1}
2025-08-30 22:13:37,879 [INFO] sqlalchemy.engine.Engine: ROLLBACK
2025-08-30 22:13:52,767 [INFO] sqlalchemy.engine.Engine: BEGIN (implicit)
2025-08-30 22:13:52,767 [INFO] sqlalchemy.engine.Engine: SELECT posts.id AS posts_id, posts.title AS posts_title, posts.content AS posts_content, posts.user_id AS posts_user_id 
FROM posts 
WHERE posts.id = %(id_1)s 
 LIMIT %(param_1)s
2025-08-30 22:13:52,767 [INFO] sqlalchemy.engine.Engine: [cached since 14.89s ago] {'id_1': 1, 'param_1': 1}
2025-08-30 22:13:52,769 [INFO] sqlalchemy.engine.Engine: ROLLBACK
2025-08-30 22:16:00,473 [INFO] sqlalchemy.engine.Engine: select pg_catalog.version()
2025-08-30 22:16:00,473 [INFO] sqlalchemy.engine.Engine: [raw sql] {}
2025-08-30 22:16:00,474 [INFO] sqlalchemy.engine.Engine: select current_schema()
2025-08-30 22:16:00,474 [INFO] sqlalchemy.engine.Engine: [raw sql] {}
2025-08-30 22:16:00,474 [INFO] sqlalchemy.engine.Engine: show standard_conforming_strings
2025-08-30 22:16:00,474 [INFO] sqlalchemy.engine.Engine: [raw sql] {}
2025-08-30 22:16:00,475 [INFO] sqlalchemy.engine.Engine: BEGIN (implicit)
2025-08-30 22:16:00,476 [INFO] sqlalchemy.engine.Engine: SELECT users.id AS users_id, users.name AS users_name, users.email AS users_email, users.password AS users_password, users.level AS users_level 
FROM users 
WHERE users.email = %(email_1)s 
 LIMIT %(param_1)s
2025-08-30 22:16:00,476 [INFO] sqlalchemy.engine.Engine: [generated in 0.00009s] {'email_1': 'santosh@fastapi.com', 'param_1': 1}
2025-08-30 22:16:00,484 [WARNING] passlib.handlers.bcrypt: (trapped) error reading bcrypt version
Traceback (most recent call last):
  File "/Users/santoshchandan/2-localhost/3-applications/pro-001/fastapi/.venv/lib/python3.13/site-packages/passlib/handlers/bcrypt.py", line 620, in _load_backend_mixin
    version = _bcrypt.__about__.__version__
              ^^^^^^^^^^^^^^^^^
AttributeError: module 'bcrypt' has no attribute '__about__'
2025-08-30 22:16:00,672 [INFO] sqlalchemy.engine.Engine: ROLLBACK
2025-08-30 22:16:19,467 [INFO] sqlalchemy.engine.Engine: BEGIN (implicit)
2025-08-30 22:16:19,467 [INFO] sqlalchemy.engine.Engine: SELECT users.id AS users_id, users.name AS users_name, users.email AS users_email, users.password AS users_password, users.level AS users_level 
FROM users 
WHERE users.email = %(email_1)s 
 LIMIT %(param_1)s
2025-08-30 22:16:19,467 [INFO] sqlalchemy.engine.Engine: [cached since 18.99s ago] {'email_1': 'santosh@fastapi.com', 'param_1': 1}
2025-08-30 22:16:19,662 [INFO] sqlalchemy.engine.Engine: ROLLBACK
2025-08-30 22:22:09,967 [INFO] sqlalchemy.engine.Engine: select pg_catalog.version()
2025-08-30 22:22:09,967 [INFO] sqlalchemy.engine.Engine: [raw sql] {}
2025-08-30 22:22:09,967 [INFO] sqlalchemy.engine.Engine: select current_schema()
2025-08-30 22:22:09,967 [INFO] sqlalchemy.engine.Engine: [raw sql] {}
2025-08-30 22:22:09,968 [INFO] sqlalchemy.engine.Engine: show standard_conforming_strings
2025-08-30 22:22:09,968 [INFO] sqlalchemy.engine.Engine: [raw sql] {}
2025-08-30 22:22:09,968 [INFO] sqlalchemy.engine.Engine: BEGIN (implicit)
2025-08-30 22:22:09,969 [INFO] sqlalchemy.engine.Engine: SELECT users.id AS users_id, users.name AS users_name, users.email AS users_email, users.password AS users_password, users.level AS users_level 
FROM users 
WHERE users.email = %(email_1)s 
 LIMIT %(param_1)s
2025-08-30 22:22:09,969 [INFO] sqlalchemy.engine.Engine: [generated in 0.00009s] {'email_1': 'santosh@fastapi.com', 'param_1': 1}
2025-08-30 22:22:09,972 [INFO] sqlalchemy.engine.Engine: ROLLBACK
2025-08-31 19:35:46,777 [ERROR] strawberry.execution: Syntax Error: Unexpected <EOF>.

GraphQL request:31:1
30 | #
31 |
   | ^
32 |
2025-08-31 19:37:39,041 [ERROR] strawberry.execution: Syntax Error: Unexpected <EOF>.

GraphQL request:31:1
30 | #
31 |
   | ^
32 |
2025-08-31 19:40:55,790 [INFO] sqlalchemy.engine.Engine: select pg_catalog.version()
2025-08-31 19:40:55,791 [INFO] sqlalchemy.engine.Engine: [raw sql] {}
2025-08-31 19:40:55,794 [INFO] sqlalchemy.engine.Engine: select current_schema()
2025-08-31 19:40:55,794 [INFO] sqlalchemy.engine.Engine: [raw sql] {}
2025-08-31 19:40:55,794 [INFO] sqlalchemy.engine.Engine: show standard_conforming_strings
2025-08-31 19:40:55,794 [INFO] sqlalchemy.engine.Engine: [raw sql] {}
2025-08-31 19:40:55,794 [INFO] sqlalchemy.engine.Engine: BEGIN (implicit)
2025-08-31 19:40:55,796 [INFO] sqlalchemy.engine.Engine: SELECT users.id AS users_id, users.name AS users_name, users.email AS users_email, users.password AS users_password, users.level AS users_level 
FROM users 
WHERE users.id = %(id_1)s 
 LIMIT %(param_1)s
2025-08-31 19:40:55,796 [INFO] sqlalchemy.engine.Engine: [generated in 0.00008s] {'id_1': 1, 'param_1': 1}
2025-08-31 19:42:02,242 [INFO] sqlalchemy.engine.Engine: select pg_catalog.version()
2025-08-31 19:42:02,243 [INFO] sqlalchemy.engine.Engine: [raw sql] {}
2025-08-31 19:42:02,243 [INFO] sqlalchemy.engine.Engine: select current_schema()
2025-08-31 19:42:02,243 [INFO] sqlalchemy.engine.Engine: [raw sql] {}
2025-08-31 19:42:02,244 [INFO] sqlalchemy.engine.Engine: show standard_conforming_strings
2025-08-31 19:42:02,244 [INFO] sqlalchemy.engine.Engine: [raw sql] {}
2025-08-31 19:42:02,244 [INFO] sqlalchemy.engine.Engine: BEGIN (implicit)
2025-08-31 19:42:02,245 [INFO] sqlalchemy.engine.Engine: SELECT users.id AS users_id, users.name AS users_name, users.email AS users_email, users.password AS users_password, users.level AS users_level 
FROM users 
WHERE users.id = %(id_1)s 
 LIMIT %(param_1)s
2025-08-31 19:42:02,245 [INFO] sqlalchemy.engine.Engine: [generated in 0.00011s] {'id_1': 1, 'param_1': 1}
2025-08-31 19:42:02,247 [ERROR] strawberry.execution: UserType.__init__() missing 1 required keyword-only argument: 'level'

GraphQL request:2:3
1 | query {
2 |   user(id: 1) {
  |   ^
3 |     id
Traceback (most recent call last):
  File "/Users/santoshchandan/2-localhost/3-applications/pro-001/fastapi/.venv/lib/python3.13/site-packages/graphql/execution/execute.py", line 523, in execute_field
    result = resolve_fn(source, info, **args)
  File "/Users/santoshchandan/2-localhost/3-applications/pro-001/fastapi/.venv/lib/python3.13/site-packages/strawberry/schema/schema_converter.py", line 777, in _resolver
    return _get_result_with_extensions(
        _source,
        strawberry_info,
        **kwargs,
    )
  File "/Users/santoshchandan/2-localhost/3-applications/pro-001/fastapi/.venv/lib/python3.13/site-packages/strawberry/schema/schema_converter.py", line 764, in extension_resolver
    return reduce(
           ~~~~~~~
    ...<2 lines>...
        wrapped_get_result,
        ~~~~~~~~~~~~~~~~~~~
    )(_source, info, **field_kwargs)
    ~^^^^^^^^^^^^^^^^^^^^^^^^^^^^^^^
  File "/Users/santoshchandan/2-localhost/3-applications/pro-001/fastapi/.venv/lib/python3.13/site-packages/strawberry/schema/schema_converter.py", line 759, in wrapped_get_result
    return _get_result(
        _source, info, field_args=field_args, field_kwargs=kwargs
    )
  File "/Users/santoshchandan/2-localhost/3-applications/pro-001/fastapi/.venv/lib/python3.13/site-packages/strawberry/schema/schema_converter.py", line 716, in _get_result
    return field.get_result(
           ~~~~~~~~~~~~~~~~^
        _source, info=info, args=field_args, kwargs=field_kwargs
        ^^^^^^^^^^^^^^^^^^^^^^^^^^^^^^^^^^^^^^^^^^^^^^^^^^^^^^^^
    )
    ^
  File "/Users/santoshchandan/2-localhost/3-applications/pro-001/fastapi/.venv/lib/python3.13/site-packages/strawberry/types/field.py", line 222, in get_result
    return self.base_resolver(*args, **kwargs)
           ~~~~~~~~~~~~~~~~~~^^^^^^^^^^^^^^^^^
  File "/Users/santoshchandan/2-localhost/3-applications/pro-001/fastapi/.venv/lib/python3.13/site-packages/strawberry/types/fields/resolver.py", line 213, in __call__
    return self.wrapped_func(*args, **kwargs)
           ~~~~~~~~~~~~~~~~~^^^^^^^^^^^^^^^^^
  File "/Users/santoshchandan/2-localhost/3-applications/pro-001/fastapi/app/domain/user/graphql/query.py", line 16, in user
    return UserType(id=user.id, name=user.name, email=user.email)
TypeError: UserType.__init__() missing 1 required keyword-only argument: 'level'
2025-08-31 19:47:58,423 [INFO] sqlalchemy.engine.Engine: select pg_catalog.version()
2025-08-31 19:47:58,423 [INFO] sqlalchemy.engine.Engine: [raw sql] {}
2025-08-31 19:47:58,424 [INFO] sqlalchemy.engine.Engine: select current_schema()
2025-08-31 19:47:58,424 [INFO] sqlalchemy.engine.Engine: [raw sql] {}
2025-08-31 19:47:58,424 [INFO] sqlalchemy.engine.Engine: show standard_conforming_strings
2025-08-31 19:47:58,424 [INFO] sqlalchemy.engine.Engine: [raw sql] {}
2025-08-31 19:47:58,425 [INFO] sqlalchemy.engine.Engine: BEGIN (implicit)
2025-08-31 19:47:58,426 [INFO] sqlalchemy.engine.Engine: SELECT users.id AS users_id, users.name AS users_name, users.email AS users_email, users.password AS users_password, users.level AS users_level 
FROM users 
WHERE users.id = %(id_1)s 
 LIMIT %(param_1)s
2025-08-31 19:47:58,426 [INFO] sqlalchemy.engine.Engine: [generated in 0.00009s] {'id_1': 1, 'param_1': 1}
